Arguments: 
  C:\Program Files\nodejs\node.exe C:\Users\Esteban\AppData\Roaming\npm\node_modules\yarn\bin\yarn.js install

PATH: 
  C:\Program Files\Git\mingw64\bin;C:\Program Files\Git\usr\bin;C:\Users\Esteban\bin;C:\Program Files\NVIDIA GPU Computing Toolkit\CUDA\v10.0\bin;C:\Program Files\NVIDIA GPU Computing Toolkit\CUDA\v10.0\libnvvp;C:\Program Files\NVIDIA GPU Computing Toolkit\CUDA\v10.2\bin;C:\Program Files\NVIDIA GPU Computing Toolkit\CUDA\v10.2\libnvvp;C:\Program Files\NVIDIA GPU Computing Toolkit\CUDA\v11.2\bin;C:\Program Files\NVIDIA GPU Computing Toolkit\CUDA\v11.2\libnvvp;C:\Python39\Scripts;C:\Python39;C:\Windows\system32;C:\Windows;C:\Windows\System32\Wbem;C:\Windows\System32\WindowsPowerShell\v1.0;C:\Windows\System32\OpenSSH;C:\Program Files (x86)\NVIDIA Corporation\PhysX\Common;C:\Program Files\NVIDIA Corporation\NVIDIA NvDLISR;C:\Program Files\Git\cmd;C:\Program Files\nodejs;C:\ProgramData\chocolatey\bin;C:\Users\Esteban\AppData\Local\Microsoft\WindowsApps;C:\Users\Esteban\AppData\Local\Programs\Microsoft VS Code\bin;C:\Users\Esteban\AppData\Roaming\npm

Yarn version: 
  1.22.10

Node version: 
  14.16.0

Platform: 
  win32 x64

Trace: 
  Error: connect EHOSTUNREACH 104.16.17.35:443
      at TCPConnectWrap.afterConnect [as oncomplete] (net.js:1146:16)

npm manifest: 
  {
      "name": "skynet",
      "description": "Passage en PO",
      "version": "0.0.1",
      "main": "main.js",
      "scripts": {
          "start": "nodemon build.js --ignore web/bundle.js"
      },
      "author": {
          "name": "Esteban",
          "email": "esteban.mrsuricate@gmail.com"
      },
      "dependencies": {
          "@mapbox/node-pre-gyp": "^1.0.1",
          "@tensorflow/tfjs": "^3.12.0",
          "@tensorflow/tfjs-core": "^3.12.0",
          "@tensorflow/tfjs-node": "^3.12.0",
          "@tensorflow/tfjs-node-gpu": "^3.12.0",
          "@tensorflow/tfjs-vis": "^1.5.1",
          "browserify": "^17.0.0",
          "colors": "1.4.0",
          "commander": "^7.2.0",
          "js-levenshtein": "^1.1.6",
          "mapbox": "1.0.0-beta10",
          "moment": "^2.29.1",
          "moment-timezone": "^0.5.33",
          "performance-now": "^2.1.0",
          "require-dir": "^1.2.0",
          "require-main-filename": "^2.0.0",
          "resemblejs": "^4.0.0"
      },
      "engines": {
          "node": ">=10"
      },
      "devDependencies": {
          "@babel/core": "^7.13.15",
          "@babel/plugin-proposal-class-properties": "^7.13.0",
          "@babel/preset-env": "^7.13.15",
          "babelify": "^10.0.0",
          "nodemon": "^2.0.7"
      },
      "packageManager": "yarn@3.0.2"
  }

yarn manifest: 
  No manifest

Lockfile: 
  No lockfile
